16-02-2013 02:46:29 Notice: Undefined variable: i_do_not_exits in ./phplogger/example.php on line 14
16-02-2013 13:11:00 Notice: Undefined variable: i_do_not_exits in ./phplogger/example.php on line 14
16-02-2013 13:11:07 Notice: Undefined variable: i_do_not_exits in ./phplogger/example.php on line 14
16-02-2013 13:11:14 Notice: Undefined variable: i_do_not_exits in ./phplogger/example.php on line 14
16-02-2013 13:11:14 Notice: Undefined variable: i_do_not_exits in ./phplogger/example.php on line 14
16-02-2013 13:11:15 Notice: Undefined variable: i_do_not_exits in ./phplogger/example.php on line 14
16-02-2013 13:11:15 Notice: Undefined variable: i_do_not_exits in ./phplogger/example.php on line 14
16-02-2013 13:11:26 Notice: Undefined variable: i_do_not_exits in ./phplogger/example.php on line 14
16-02-2013 13:11:29 Notice: Undefined variable: i_do_not_exits in ./phplogger/example.php on line 14
[16-02-2013 14:30:03] Unknown error ():  in . on line 
[16-02-2013 14:30:21] Notice: Undefined variable: i_do_not_exits in ./phplogger/example.php on line 14
[16-02-2013 14:30:58] Notice: Undefined variable: i_do_not_exits in ./phplogger/example.php on line 14
[16-02-2013 14:31:36] Notice: Undefined variable: i_do_not_exits in ./phplogger/example.php on line 14
[16-02-2013 14:31:38] Notice: Undefined variable: i_do_not_exits in ./phplogger/example.php on line 14
[16-02-2013 15:42:02] Notice: Undefined variable: i_do_not_exits in ./phplogger/example.php on line 14
[16-02-2013 16:10:19] Notice: Undefined variable: i_do_not_exits in ./phplogger/example.php on line 14
[16-02-2013 16:11:49] Notice: Undefined variable: i_do_not_exits in ./phplogger/example.php on line 14
[16-02-2013 16:11:50] Notice: Undefined variable: i_do_not_exits in ./phplogger/example.php on line 14
[16-02-2013 16:13:24] Notice: Undefined variable: i_do_not_exits in ./phplogger/example.php on line 14
[16-02-2013 16:13:35] Notice: Undefined variable: i_do_not_exits in ./phplogger/example.php on line 14
[16-02-2013 16:13:57] Notice: Undefined variable: i_do_not_exits in ./phplogger/example.php on line 14
[16-02-2013 16:14:54] Notice: Undefined variable: i_do_not_exits in ./phplogger/example.php on line 14
[16-02-2013 16:18:36] Notice: Undefined variable: i_do_not_exits in ./phplogger/example.php on line 14
[16-02-2013 16:18:54] Notice: Undefined variable: i_do_not_exits in ./phplogger/example.php on line 14
[16-02-2013 16:18:54] Notice: Undefined variable: i_do_not_exits in ./phplogger/example.php on line 14
[16-02-2013 16:18:55] Notice: Undefined variable: i_do_not_exits in ./phplogger/example.php on line 14
[16-02-2013 16:19:04] Notice: Undefined variable: i_do_not_exits in ./phplogger/example.php on line 14
[16-02-2013 16:19:04] Notice: Undefined variable: i_do_not_exits in ./phplogger/example.php on line 14
[16-02-2013 16:19:05] Notice: Undefined variable: i_do_not_exits in ./phplogger/example.php on line 14
[16-02-2013 16:19:23] Notice: Undefined variable: i_do_not_exits in ./phplogger/example.php on line 14
[16-02-2013 16:19:36] Notice: Undefined variable: i_do_not_exits in ./phplogger/example.php on line 14
[16-02-2013 16:19:38] Notice: Undefined variable: i_do_not_exits in ./phplogger/example.php on line 14
[16-02-2013 16:19:59] Notice: Undefined variable: i_do_not_exits in ./phplogger/example.php on line 14
[16-02-2013 16:20:00] Notice: Undefined variable: i_do_not_exits in ./phplogger/example.php on line 14
[16-02-2013 16:25:39] Notice: Undefined variable: i_do_not_exits in ./phplogger/example.php on line 14
[16-02-2013 16:26:18] Notice: Undefined variable: i_do_not_exits in ./phplogger/example.php on line 14
[16-02-2013 16:47:09] Notice: Undefined variable: i_do_not_exits in ./phplogger/example.php on line 14
[16-02-2013 17:05:27] Notice: Undefined variable: i_do_not_exits in ./phplogger/example.php on line 14
[16-02-2013 17:05:27] Notice: Undefined variable: name in ./phplogger/ErrorHandler/ErrorHandler.php on line 309
[16-02-2013 17:05:27] Notice: Undefined variable: template in ./phplogger/ErrorHandler/ErrorHandler.php on line 309
[16-02-2013 17:05:27] Warning: in_array() expects parameter 2 to be array, null given in ./phplogger/ErrorHandler/ErrorHandler.php on line 309
[16-02-2013 17:05:45] Notice: Undefined variable: i_do_not_exits in ./phplogger/example.php on line 14
[16-02-2013 17:05:45] Notice: Undefined variable: template in ./phplogger/ErrorHandler/ErrorHandler.php on line 309
[16-02-2013 17:05:45] Warning: in_array() expects parameter 2 to be array, null given in ./phplogger/ErrorHandler/ErrorHandler.php on line 309
[16-02-2013 17:08:02] Notice: Undefined variable: i_do_not_exits in ./phplogger/example.php on line 14
[16-02-2013 17:08:02] Notice: Undefined variable: args in ./phplogger/ErrorHandler/ErrorHandler.php on line 137
[16-02-2013 17:08:21] Notice: Undefined variable: i_do_not_exits in ./phplogger/example.php on line 14
[16-02-2013 17:08:21] Notice: Undefined variable: args in ./phplogger/ErrorHandler/ErrorHandler.php on line 137
[16-02-2013 17:10:40] Notice: Undefined variable: i_do_not_exits in ./phplogger/example.php on line 14
[16-02-2013 17:11:17] Notice: Undefined variable: i_do_not_exits in ./phplogger/example.php on line 14
[16-02-2013 17:13:12] Notice: Undefined variable: i_do_not_exits in ./phplogger/example.php on line 14
[16-02-2013 17:13:44] Notice: Undefined variable: i_do_not_exits in ./phplogger/example.php on line 14
[16-02-2013 17:13:44] Uncaught Exception: this is a test on C:\xampp\htdocs\phplogger\example.php in line 16[16-02-2013 17:13:45] Notice: Undefined variable: i_do_not_exits in ./phplogger/example.php on line 14
[16-02-2013 17:13:45] Uncaught Exception: this is a test on C:\xampp\htdocs\phplogger\example.php in line 16[16-02-2013 17:13:46] Notice: Undefined variable: i_do_not_exits in ./phplogger/example.php on line 14
[16-02-2013 17:13:46] Uncaught Exception: this is a test on C:\xampp\htdocs\phplogger\example.php in line 16[16-02-2013 17:14:01] Notice: Undefined variable: i_do_not_exits in ./phplogger/example.php on line 14
[16-02-2013 17:14:01] Uncaught Exception: this is a test on C:\xampp\htdocs\phplogger\example.php in line 16[16-02-2013 19:02:18] Notice: Undefined variable: i_do_not_exits in ./phplogger/example.php on line 27
[16-02-2013 19:02:18] Uncaught Exception: this is a test on C:\xampp\htdocs\phplogger\example.php in line 29
[16-02-2013 19:02:18] Notice: Undefined variable: args in ./phplogger/ErrorHandler/ErrorHandler.php on line 173
[16-02-2013 19:02:18] Notice: Use of undefined constant LOG_LOCAL0 - assumed 'LOG_LOCAL0' in ./phplogger/ErrorHandler/ErrorHandler.php on line 297
[16-02-2013 19:02:18] Warning: openlog() expects parameter 3 to be long, string given in ./phplogger/ErrorHandler/ErrorHandler.php on line 297
[16-02-2013 19:03:11] Notice: Undefined variable: i_do_not_exits in ./phplogger/example.php on line 27
[16-02-2013 19:03:11] Uncaught Exception: this is a test on C:\xampp\htdocs\phplogger\example.php in line 29
[16-02-2013 19:03:11] Notice: Undefined variable: args in ./phplogger/ErrorHandler/ErrorHandler.php on line 176
[16-02-2013 19:03:11] Notice: Use of undefined constant LOG_LOCAL0 - assumed 'LOG_LOCAL0' in ./phplogger/ErrorHandler/ErrorHandler.php on line 300
[16-02-2013 19:03:11] Warning: openlog() expects parameter 3 to be long, string given in ./phplogger/ErrorHandler/ErrorHandler.php on line 300
[16-02-2013 19:03:23] Notice: Undefined variable: i_do_not_exits in ./phplogger/example.php on line 27
[16-02-2013 19:03:23] Uncaught Exception: this is a test on C:\xampp\htdocs\phplogger\example.php in line 29
[16-02-2013 19:03:23] Notice: Undefined variable: args in ./phplogger/ErrorHandler/ErrorHandler.php on line 176
[16-02-2013 19:03:23] Notice: Use of undefined constant LOG_LOCAL0 - assumed 'LOG_LOCAL0' in ./phplogger/ErrorHandler/ErrorHandler.php on line 300
[16-02-2013 19:03:23] Warning: openlog() expects parameter 3 to be long, string given in ./phplogger/ErrorHandler/ErrorHandler.php on line 300
[16-02-2013 19:03:48] Notice: Undefined variable: i_do_not_exits in ./phplogger/example.php on line 27
[16-02-2013 19:03:48] Uncaught Exception: this is a test on C:\xampp\htdocs\phplogger\example.php in line 29
[16-02-2013 19:03:48] Notice: Undefined variable: args in ./phplogger/ErrorHandler/ErrorHandler.php on line 176
[16-02-2013 19:03:48] Notice: Use of undefined constant LOG_LOCAL0 - assumed 'LOG_LOCAL0' in ./phplogger/ErrorHandler/ErrorHandler.php on line 300
[16-02-2013 19:03:48] Warning: openlog() expects parameter 3 to be long, string given in ./phplogger/ErrorHandler/ErrorHandler.php on line 300
[16-02-2013 19:04:28] Notice: Undefined variable: i_do_not_exits in ./phplogger/example.php on line 27
[16-02-2013 19:04:28] Uncaught Exception: this is a test on C:\xampp\htdocs\phplogger\example.php in line 29
[16-02-2013 19:04:28] Notice: Undefined variable: args in ./phplogger/ErrorHandler/ErrorHandler.php on line 176
[16-02-2013 19:04:28] Warning: openlog() expects exactly 3 parameters, 2 given in ./phplogger/ErrorHandler/ErrorHandler.php on line 300
[16-02-2013 19:06:02] Notice: Undefined variable: i_do_not_exits in ./phplogger/example.php on line 27
[16-02-2013 19:06:02] Uncaught Exception: this is a test on C:\xampp\htdocs\phplogger\example.php in line 29
[16-02-2013 19:06:02] Notice: Undefined variable: args in ./phplogger/ErrorHandler/ErrorHandler.php on line 176
[16-02-2013 19:06:02] Notice: Use of undefined constant LOG_LOCAL1 - assumed 'LOG_LOCAL1' in ./phplogger/ErrorHandler/ErrorHandler.php on line 300
[16-02-2013 19:06:02] Warning: openlog() expects parameter 3 to be long, string given in ./phplogger/ErrorHandler/ErrorHandler.php on line 300
[16-02-2013 19:07:36] Notice: Undefined variable: i_do_not_exits in ./phplogger/example.php on line 27
[16-02-2013 19:07:36] Uncaught Exception: this is a test on C:\xampp\htdocs\phplogger\example.php in line 29
[16-02-2013 19:07:36] Notice: Use of undefined constant LOG_LOCAL1 - assumed 'LOG_LOCAL1' in ./phplogger/ErrorHandler/ErrorHandler.php on line 300
[16-02-2013 19:07:36] Warning: openlog() expects parameter 3 to be long, string given in ./phplogger/ErrorHandler/ErrorHandler.php on line 300
[16-02-2013 20:26:02] Notice: Undefined variable: i_do_not_exits in ./phplogger/example.php on line 27
[16-02-2013 20:26:02] Uncaught Exception: this is a test on C:\xampp\htdocs\phplogger\example.php in line 29
[16-02-2013 20:26:02] Notice: Use of undefined constant LOG_LOCAL0 - assumed 'LOG_LOCAL0' in ./phplogger/ErrorHandler/ErrorHandler.php on line 300
[16-02-2013 20:26:02] Warning: openlog() expects parameter 3 to be long, string given in ./phplogger/ErrorHandler/ErrorHandler.php on line 300
[16-02-2013 20:29:08] Notice: Undefined variable: i_do_not_exits in ./phplogger/example.php on line 27
[16-02-2013 20:29:08] Uncaught Exception: this is a test on C:\xampp\htdocs\phplogger\example.php in line 29
[16-02-2013 20:35:27] Notice: Undefined variable: i_do_not_exits in ./phplogger/example.php on line 27
[16-02-2013 20:35:27] Uncaught Exception: this is a test on C:\xampp\htdocs\phplogger\example.php in line 29
[16-02-2013 20:35:28] Notice: Undefined variable: i_do_not_exits in ./phplogger/example.php on line 27
[16-02-2013 20:35:28] Uncaught Exception: this is a test on C:\xampp\htdocs\phplogger\example.php in line 29
[16-02-2013 20:35:29] Notice: Undefined variable: i_do_not_exits in ./phplogger/example.php on line 27
[16-02-2013 20:35:29] Uncaught Exception: this is a test on C:\xampp\htdocs\phplogger\example.php in line 29
[16-02-2013 20:35:29] Notice: Undefined variable: i_do_not_exits in ./phplogger/example.php on line 27
[16-02-2013 20:35:29] Uncaught Exception: this is a test on C:\xampp\htdocs\phplogger\example.php in line 29
[16-02-2013 20:35:29] Notice: Undefined variable: i_do_not_exits in ./phplogger/example.php on line 27
[16-02-2013 20:35:29] Uncaught Exception: this is a test on C:\xampp\htdocs\phplogger\example.php in line 29
[16-02-2013 20:36:01] Notice: Undefined variable: i_do_not_exits in ./phplogger/example.php on line 27
[16-02-2013 20:36:01] Uncaught Exception: this is a test on C:\xampp\htdocs\phplogger\example.php in line 29
[16-02-2013 20:47:33] Notice: Undefined variable: i_do_not_exits in ./phplogger/example.php on line 27
[16-02-2013 20:47:33] Uncaught Exception: this is a test on C:\xampp\htdocs\phplogger\example.php in line 29
[16-02-2013 20:47:35] Notice: Undefined variable: i_do_not_exits in ./phplogger/example.php on line 27
[16-02-2013 20:47:35] Uncaught Exception: this is a test on C:\xampp\htdocs\phplogger\example.php in line 29
[16-02-2013 21:35:50] Notice: Undefined variable: i_do_not_exits in ./phplogger/example.php on line 47
[16-02-2013 21:35:50] Uncaught Exception: this is a test on C:\xampp\htdocs\phplogger\example.php in line 49
[16-02-2013 21:41:24] Notice: Undefined variable: i_do_not_exits in ./phplogger/example.php on line 28
[16-02-2013 21:41:24] Uncaught Exception: this is a test on C:\xampp\htdocs\phplogger\example.php in line 30
[16-02-2013 21:41:33] Notice: Undefined variable: i_do_not_exits in ./phplogger/example.php on line 27
[16-02-2013 21:41:33] Uncaught Exception: this is a test on C:\xampp\htdocs\phplogger\example.php in line 29
[16-02-2013 21:56:35] Uncaught Exception: this is a test on C:\xampp\htdocs\phplogger\example.php in line 26
[16-02-2013 21:56:45] Uncaught Exception: this is a test on C:\xampp\htdocs\phplogger\example.php in line 26
[16-02-2013 21:57:10] Notice: Undefined variable: i_do_not_exits in ./phplogger/example.php on line 24
[16-02-2013 21:57:10] Uncaught Exception: this is a test on C:\xampp\htdocs\phplogger\example.php in line 26
[16-02-2013 21:58:05] Notice: Undefined variable: i_do_not_exits in ./phplogger/example.php on line 24
[16-02-2013 21:58:06] Uncaught Exception: this is a test on C:\xampp\htdocs\phplogger\example.php in line 26
[16-02-2013 21:58:26] Uncaught Exception: this is a test on C:\xampp\htdocs\phplogger\example.php in line 26
[16-02-2013 21:58:31] Notice: Undefined variable: i_do_not_exits in ./phplogger/example.php on line 24
[16-02-2013 21:58:31] Uncaught Exception: this is a test on C:\xampp\htdocs\phplogger\example.php in line 26
[16-02-2013 22:00:17] Uncaught Exception: this is a test on C:\xampp\htdocs\phplogger\example.php in line 26
[16-02-2013 22:00:18] Uncaught Exception: this is a test on C:\xampp\htdocs\phplogger\example.php in line 26
[16-02-2013 22:00:18] Uncaught Exception: this is a test on C:\xampp\htdocs\phplogger\example.php in line 26
[16-02-2013 22:00:19] Uncaught Exception: this is a test on C:\xampp\htdocs\phplogger\example.php in line 26
[16-02-2013 22:03:56] Uncaught Exception: this is a test on C:\xampp\htdocs\phplogger\example.php in line 26
[16-02-2013 22:03:59] Uncaught Exception: this is a test on C:\xampp\htdocs\phplogger\example.php in line 26
[16-02-2013 22:04:05] Notice: Undefined variable: i_do_not_exits in ./phplogger/example.php on line 24
[16-02-2013 22:04:05] Uncaught Exception: this is a test on C:\xampp\htdocs\phplogger\example.php in line 26
[16-02-2013 22:04:16] Notice: Undefined variable: i_do_not_exits in ./phplogger/example.php on line 24
[16-02-2013 22:04:17] Notice: Undefined variable: i_do_not_exits in ./phplogger/example.php on line 24
[16-02-2013 22:04:18] Notice: Undefined variable: i_do_not_exits in ./phplogger/example.php on line 24
[16-02-2013 22:04:18] Notice: Undefined variable: i_do_not_exits in ./phplogger/example.php on line 24
[16-02-2013 22:04:18] Notice: Undefined variable: i_do_not_exits in ./phplogger/example.php on line 24
[16-02-2013 22:04:34] Notice: Undefined variable: i_do_not_exits in ./phplogger/example.php on line 24
[16-02-2013 22:05:56] Notice: Undefined variable: i_do_not_exits in ./phplogger/example.php on line 44
[16-02-2013 22:09:51] Notice: Undefined variable: i_do_not_exits in ./phplogger/example.php on line 44
[16-02-2013 22:19:19] Notice: Undefined variable: i_do_not_exits in ./phplogger/example.php on line 44
[16-02-2013 22:19:31] Notice: Undefined variable: i_do_not_exits in ./phplogger/example.php on line 44
[16-02-2013 22:19:32] Notice: Undefined variable: i_do_not_exits in ./phplogger/example.php on line 44
[16-02-2013 22:19:32] Notice: Undefined variable: i_do_not_exits in ./phplogger/example.php on line 44
[16-02-2013 22:19:32] Notice: Undefined variable: i_do_not_exits in ./phplogger/example.php on line 44
[16-02-2013 22:19:32] Notice: Undefined variable: i_do_not_exits in ./phplogger/example.php on line 44
[16-02-2013 22:19:32] Notice: Undefined variable: i_do_not_exits in ./phplogger/example.php on line 44
[16-02-2013 22:19:33] Notice: Undefined variable: i_do_not_exits in ./phplogger/example.php on line 44
[16-02-2013 22:19:33] Notice: Undefined variable: i_do_not_exits in ./phplogger/example.php on line 44
[16-02-2013 22:19:33] Notice: Undefined variable: i_do_not_exits in ./phplogger/example.php on line 44
[16-02-2013 22:19:33] Notice: Undefined variable: i_do_not_exits in ./phplogger/example.php on line 44
[16-02-2013 22:19:34] Notice: Undefined variable: i_do_not_exits in ./phplogger/example.php on line 44
[16-02-2013 22:19:34] Notice: Undefined variable: i_do_not_exits in ./phplogger/example.php on line 44
[16-02-2013 22:20:13] Notice: Undefined variable: i_do_not_exits in ./phplogger/example.php on line 44
[16-02-2013 22:20:14] Notice: Undefined variable: i_do_not_exits in ./phplogger/example.php on line 44
[16-02-2013 22:20:15] Notice: Undefined variable: i_do_not_exits in ./phplogger/example.php on line 44
[16-02-2013 22:20:37] Notice: Undefined variable: i_do_not_exits in ./phplogger/example.php on line 44
[16-02-2013 22:21:38] Notice: Undefined variable: i_do_not_exits in ./phplogger/example.php on line 44
[16-02-2013 22:21:39] Notice: Undefined variable: i_do_not_exits in ./phplogger/example.php on line 44
[16-02-2013 22:21:39] Notice: Undefined variable: i_do_not_exits in ./phplogger/example.php on line 44
[16-02-2013 22:21:39] Notice: Undefined variable: i_do_not_exits in ./phplogger/example.php on line 44
[16-02-2013 22:21:39] Notice: Undefined variable: i_do_not_exits in ./phplogger/example.php on line 44
[16-02-2013 22:21:56] Notice: Undefined variable: i_do_not_exits in ./phplogger/example.php on line 24
[16-02-2013 22:21:56] Notice: Undefined variable: i_do_not_exits in ./phplogger/example.php on line 24
[16-02-2013 22:21:57] Notice: Undefined variable: i_do_not_exits in ./phplogger/example.php on line 24
[16-02-2013 22:21:57] Notice: Undefined variable: i_do_not_exits in ./phplogger/example.php on line 24
[16-02-2013 22:21:57] Notice: Undefined variable: i_do_not_exits in ./phplogger/example.php on line 24
[16-02-2013 22:21:57] Notice: Undefined variable: i_do_not_exits in ./phplogger/example.php on line 24
[16-02-2013 22:21:58] Notice: Undefined variable: i_do_not_exits in ./phplogger/example.php on line 24
[16-02-2013 22:21:59] Notice: Undefined variable: i_do_not_exits in ./phplogger/example.php on line 24
[16-02-2013 22:21:59] Notice: Undefined variable: i_do_not_exits in ./phplogger/example.php on line 24
[16-02-2013 22:22:51] Notice: Undefined variable: i_do_not_exits in ./phplogger/example.php on line 24
[16-02-2013 22:23:30] Notice: Undefined variable: i_do_not_exits in ./phplogger/example.php on line 24
[16-02-2013 22:23:54] Notice: Undefined variable: i_do_not_exits in ./phplogger/example.php on line 24
[16-02-2013 22:24:04] Notice: Undefined variable: i_do_not_exits in ./phplogger/example.php on line 24
[16-02-2013 22:24:34] Notice: Undefined variable: i_do_not_exits in ./phplogger/example.php on line 24
[16-02-2013 22:24:35] Notice: Undefined variable: i_do_not_exits in ./phplogger/example.php on line 24
[16-02-2013 22:24:36] Notice: Undefined variable: i_do_not_exits in ./phplogger/example.php on line 24
[16-02-2013 22:24:44] Notice: Undefined variable: i_do_not_exits in ./phplogger/example.php on line 24
[16-02-2013 22:24:51] Notice: Undefined variable: i_do_not_exits in ./phplogger/example.php on line 24
[16-02-2013 22:25:24] Notice: Undefined offset: 0 in ./phplogger/ErrorHandler/ErrorHandler.php on line 103
[16-02-2013 22:25:24] Notice: Undefined variable: i_do_not_exits in ./phplogger/example.php on line 24
[16-02-2013 22:27:25] Notice: Undefined offset: 0 in ./phplogger/ErrorHandler/ErrorHandler.php on line 103
[16-02-2013 22:27:25] Notice: Undefined variable: i_do_not_exits in ./phplogger/example.php on line 24
[16-02-2013 22:32:07] Notice: Undefined offset: 0 in ./phplogger/ErrorHandler/ErrorHandler.php on line 105
[16-02-2013 22:32:07] Notice: Undefined variable: i_do_not_exits in ./phplogger/example.php on line 24
[16-02-2013 22:38:00] Notice: Undefined offset: 0 in ./phplogger/ErrorHandler/ErrorHandler.php on line 105
[16-02-2013 22:38:00] Notice: Undefined variable: i_do_not_exits in ./phplogger/example.php on line 24
[16-02-2013 22:38:09] Notice: Undefined offset: 0 in ./phplogger/ErrorHandler/ErrorHandler.php on line 105
[16-02-2013 22:38:09] Notice: Undefined variable: i_do_not_exits in ./phplogger/example.php on line 24
[16-02-2013 22:40:14] Notice: Undefined offset: 0 in ./phplogger/ErrorHandler/ErrorHandler.php on line 105
[16-02-2013 22:40:14] Notice: Undefined variable: i_do_not_exits in ./phplogger/example.php on line 24
[16-02-2013 22:40:14] Uncaught Exception: this is a test on C:\xampp\htdocs\phplogger\example.php in line 26
[16-02-2013 22:41:27] Notice: Undefined offset: 0 in ./phplogger/ErrorHandler/ErrorHandler.php on line 105
[16-02-2013 22:41:27] Notice: Undefined variable: i_do_not_exits in ./phplogger/example.php on line 31
[16-02-2013 22:41:27] Warning: Missing argument 1 for a(), called in C:\xampp\htdocs\phplogger\example.php on line 33 and defined in ./phplogger/example.php on line 26
[16-02-2013 22:41:27] Warning: Missing argument 2 for a(), called in C:\xampp\htdocs\phplogger\example.php on line 33 and defined in ./phplogger/example.php on line 26
[16-02-2013 22:41:27] Uncaught Exception: this is a test on C:\xampp\htdocs\phplogger\example.php in line 35
[16-02-2013 22:44:21] Notice: Undefined offset: 0 in ./phplogger/ErrorHandler/ErrorHandler.php on line 105
[16-02-2013 22:44:21] Notice: Undefined variable: i_do_not_exits in ./phplogger/example.php on line 31
[16-02-2013 22:44:21] Warning: Missing argument 1 for a(), called in C:\xampp\htdocs\phplogger\example.php on line 33 and defined in ./phplogger/example.php on line 26
[16-02-2013 22:44:21] Warning: Missing argument 2 for a(), called in C:\xampp\htdocs\phplogger\example.php on line 33 and defined in ./phplogger/example.php on line 26
[16-02-2013 22:44:21] Uncaught Exception: this is a test on ./phplogger/example.php in line 35
[16-02-2013 22:45:06] Notice: Undefined offset: 0 in ./phplogger/ErrorHandler/ErrorHandler.php on line 105
[16-02-2013 22:45:06] Notice: Undefined variable: i_do_not_exits in ./phplogger/example.php on line 31
[16-02-2013 22:45:06] Warning: Missing argument 1 for a(), called in C:\xampp\htdocs\phplogger\example.php on line 33 and defined in ./phplogger/example.php on line 26
[16-02-2013 22:45:06] Warning: Missing argument 2 for a(), called in C:\xampp\htdocs\phplogger\example.php on line 33 and defined in ./phplogger/example.php on line 26
[16-02-2013 22:45:06] Uncaught Exception: this is a test on ./phplogger/example.php in line 35
[16-02-2013 22:49:09] Notice: Undefined offset: 0 in .C:/xampp/htdocs/phplogger/ErrorHandler/ErrorHandler.php on line 106
[16-02-2013 22:49:09] Notice: Undefined variable: i_do_not_exits in .C:/xampp/htdocs/phplogger/example.php on line 31
[16-02-2013 22:49:09] Warning: Missing argument 1 for a(), called in C:\xampp\htdocs\phplogger\example.php on line 33 and defined in .C:/xampp/htdocs/phplogger/example.php on line 26
[16-02-2013 22:49:09] Warning: Missing argument 2 for a(), called in C:\xampp\htdocs\phplogger\example.php on line 33 and defined in .C:/xampp/htdocs/phplogger/example.php on line 26
[16-02-2013 22:49:09] Uncaught Exception: this is a test on .C:/xampp/htdocs/phplogger/example.php in line 35
[16-02-2013 22:49:22] Notice: Undefined offset: 0 in .C:/xampp/htdocs/phplogger/ErrorHandler/ErrorHandler.php on line 106
[16-02-2013 22:49:22] Notice: Undefined variable: i_do_not_exits in .C:/xampp/htdocs/phplogger/example.php on line 31
[16-02-2013 22:49:22] Warning: Missing argument 1 for a(), called in C:\xampp\htdocs\phplogger\example.php on line 33 and defined in .C:/xampp/htdocs/phplogger/example.php on line 26
[16-02-2013 22:49:22] Warning: Missing argument 2 for a(), called in C:\xampp\htdocs\phplogger\example.php on line 33 and defined in .C:/xampp/htdocs/phplogger/example.php on line 26
[16-02-2013 22:49:22] Uncaught Exception: this is a test on .C:/xampp/htdocs/phplogger/example.php in line 35
[16-02-2013 22:50:13] Notice: Undefined offset: 0 in .C:/xampp/htdocs/phplogger/ErrorHandler/ErrorHandler.php on line 106
[16-02-2013 22:50:13] Notice: Undefined variable: i_do_not_exits in .C:/xampp/htdocs/phplogger/example.php on line 31
[16-02-2013 22:50:13] Warning: Missing argument 1 for a(), called in C:\xampp\htdocs\phplogger\example.php on line 33 and defined in .C:/xampp/htdocs/phplogger/example.php on line 26
[16-02-2013 22:50:13] Warning: Missing argument 2 for a(), called in C:\xampp\htdocs\phplogger\example.php on line 33 and defined in .C:/xampp/htdocs/phplogger/example.php on line 26
[16-02-2013 22:50:13] Uncaught Exception: this is a test on .C:/xampp/htdocs/phplogger/example.php in line 35
[16-02-2013 22:51:41] Notice: Undefined offset: 0 in ./phplogger/ErrorHandler/ErrorHandler.php on line 106
[16-02-2013 22:51:41] Notice: Undefined variable: i_do_not_exits in ./phplogger/example.php on line 31
[16-02-2013 22:51:41] Warning: Missing argument 1 for a(), called in C:\xampp\htdocs\phplogger\example.php on line 33 and defined in ./phplogger/example.php on line 26
[16-02-2013 22:51:41] Warning: Missing argument 2 for a(), called in C:\xampp\htdocs\phplogger\example.php on line 33 and defined in ./phplogger/example.php on line 26
[16-02-2013 22:51:41] Uncaught Exception: this is a test on ./phplogger/example.php in line 35
[16-02-2013 22:52:07] Notice: Undefined offset: 0 in ./phplogger/ErrorHandler/ErrorHandler.php on line 106
[16-02-2013 22:52:07] Notice: Undefined variable: i_do_not_exits in ./phplogger/example.php on line 31
[16-02-2013 22:52:07] Warning: Missing argument 1 for a(), called in C:\xampp\htdocs\phplogger\example.php on line 33 and defined in ./phplogger/example.php on line 26
[16-02-2013 22:52:07] Warning: Missing argument 2 for a(), called in C:\xampp\htdocs\phplogger\example.php on line 33 and defined in ./phplogger/example.php on line 26
[16-02-2013 22:52:07] Uncaught Exception: this is a test on ./phplogger/example.php in line 35
[16-02-2013 22:53:47] Notice: Undefined offset: 0 in ./phplogger/ErrorHandler/ErrorHandler.php on line 106
[16-02-2013 22:53:47] Notice: Undefined variable: i_do_not_exits in ./phplogger/example.php on line 31
[16-02-2013 22:53:47] Warning: Missing argument 1 for a(), called in C:\xampp\htdocs\phplogger\example.php on line 33 and defined in ./phplogger/example.php on line 26
[16-02-2013 22:53:47] Warning: Missing argument 2 for a(), called in C:\xampp\htdocs\phplogger\example.php on line 33 and defined in ./phplogger/example.php on line 26
[16-02-2013 22:53:47] Uncaught Exception: this is a test on ./phplogger/example.php in line 35
[16-02-2013 22:54:06] Notice: Undefined offset: 0 in ./phplogger/ErrorHandler/ErrorHandler.php on line 106
[16-02-2013 22:54:06] Notice: Undefined variable: i_do_not_exits in ./phplogger/example.php on line 31
[16-02-2013 22:54:06] Warning: Missing argument 1 for a(), called in C:\xampp\htdocs\phplogger\example.php on line 33 and defined in ./phplogger/example.php on line 26
[16-02-2013 22:54:06] Warning: Missing argument 2 for a(), called in C:\xampp\htdocs\phplogger\example.php on line 33 and defined in ./phplogger/example.php on line 26
[16-02-2013 22:54:06] Uncaught Exception: this is a test on ./phplogger/example.php in line 35
[16-02-2013 22:54:07] Notice: Undefined offset: 0 in ./phplogger/ErrorHandler/ErrorHandler.php on line 106
[16-02-2013 22:54:07] Notice: Undefined variable: i_do_not_exits in ./phplogger/example.php on line 31
[16-02-2013 22:54:07] Warning: Missing argument 1 for a(), called in C:\xampp\htdocs\phplogger\example.php on line 33 and defined in ./phplogger/example.php on line 26
[16-02-2013 22:54:07] Warning: Missing argument 2 for a(), called in C:\xampp\htdocs\phplogger\example.php on line 33 and defined in ./phplogger/example.php on line 26
[16-02-2013 22:54:07] Uncaught Exception: this is a test on ./phplogger/example.php in line 35
[16-02-2013 22:54:28] Notice: Undefined offset: 0 in ./phplogger/ErrorHandler/ErrorHandler.php on line 106
[16-02-2013 22:54:28] Notice: Undefined variable: i_do_not_exits in ./phplogger/example.php on line 31
[16-02-2013 22:54:28] Warning: Missing argument 1 for a(), called in C:\xampp\htdocs\phplogger\example.php on line 33 and defined in ./phplogger/example.php on line 26
[16-02-2013 22:54:28] Warning: Missing argument 2 for a(), called in C:\xampp\htdocs\phplogger\example.php on line 33 and defined in ./phplogger/example.php on line 26
[16-02-2013 22:54:28] Uncaught Exception: this is a test on ./phplogger/example.php in line 35
[16-02-2013 22:54:39] Notice: Undefined offset: 0 in ./phplogger/ErrorHandler/ErrorHandler.php on line 106
[16-02-2013 22:54:39] Notice: Undefined variable: i_do_not_exits in ./phplogger/example.php on line 31
[16-02-2013 22:54:39] Warning: Missing argument 1 for a(), called in C:\xampp\htdocs\phplogger\example.php on line 33 and defined in ./phplogger/example.php on line 26
[16-02-2013 22:54:39] Warning: Missing argument 2 for a(), called in C:\xampp\htdocs\phplogger\example.php on line 33 and defined in ./phplogger/example.php on line 26
[16-02-2013 22:54:39] Uncaught Exception: this is a test on ./phplogger/example.php in line 35
[16-02-2013 22:54:41] Notice: Undefined offset: 0 in ./phplogger/ErrorHandler/ErrorHandler.php on line 106
[16-02-2013 22:54:41] Notice: Undefined variable: i_do_not_exits in ./phplogger/example.php on line 31
[16-02-2013 22:54:41] Warning: Missing argument 1 for a(), called in C:\xampp\htdocs\phplogger\example.php on line 33 and defined in ./phplogger/example.php on line 26
[16-02-2013 22:54:41] Warning: Missing argument 2 for a(), called in C:\xampp\htdocs\phplogger\example.php on line 33 and defined in ./phplogger/example.php on line 26
[16-02-2013 22:54:41] Uncaught Exception: this is a test on ./phplogger/example.php in line 35
[16-02-2013 22:54:52] Notice: Undefined offset: 0 in ./phplogger/ErrorHandler/ErrorHandler.php on line 106
[16-02-2013 22:54:52] Notice: Undefined variable: i_do_not_exits in ./phplogger/example.php on line 31
[16-02-2013 22:54:52] Warning: Missing argument 1 for a(), called in C:\xampp\htdocs\phplogger\example.php on line 33 and defined in ./phplogger/example.php on line 26
[16-02-2013 22:54:52] Warning: Missing argument 2 for a(), called in C:\xampp\htdocs\phplogger\example.php on line 33 and defined in ./phplogger/example.php on line 26
[16-02-2013 22:54:52] Uncaught Exception: this is a test on ./phplogger/example.php in line 35
[16-02-2013 22:55:06] Notice: Undefined variable: i_do_not_exits in ./phplogger/example.php on line 31
[16-02-2013 22:55:06] Warning: Missing argument 1 for a(), called in C:\xampp\htdocs\phplogger\example.php on line 33 and defined in ./phplogger/example.php on line 26
[16-02-2013 22:55:06] Warning: Missing argument 2 for a(), called in C:\xampp\htdocs\phplogger\example.php on line 33 and defined in ./phplogger/example.php on line 26
[16-02-2013 22:55:06] Uncaught Exception: this is a test on ./phplogger/example.php in line 35
[16-02-2013 22:55:23] Notice: Undefined variable: i_do_not_exits in ./phplogger/example.php on line 31
[16-02-2013 22:55:23] Warning: Missing argument 1 for a(), called in C:\xampp\htdocs\phplogger\example.php on line 33 and defined in ./phplogger/example.php on line 26
[16-02-2013 22:55:23] Warning: Missing argument 2 for a(), called in C:\xampp\htdocs\phplogger\example.php on line 33 and defined in ./phplogger/example.php on line 26
[16-02-2013 22:55:23] Uncaught Exception: this is a test on ./phplogger/example.php in line 35
[16-02-2013 22:55:24] Notice: Undefined variable: i_do_not_exits in ./phplogger/example.php on line 31
[16-02-2013 22:55:24] Warning: Missing argument 1 for a(), called in C:\xampp\htdocs\phplogger\example.php on line 33 and defined in ./phplogger/example.php on line 26
[16-02-2013 22:55:24] Warning: Missing argument 2 for a(), called in C:\xampp\htdocs\phplogger\example.php on line 33 and defined in ./phplogger/example.php on line 26
[16-02-2013 22:55:24] Uncaught Exception: this is a test on ./phplogger/example.php in line 35
[16-02-2013 22:55:24] Notice: Undefined variable: i_do_not_exits in ./phplogger/example.php on line 31
[16-02-2013 22:55:24] Warning: Missing argument 1 for a(), called in C:\xampp\htdocs\phplogger\example.php on line 33 and defined in ./phplogger/example.php on line 26
[16-02-2013 22:55:24] Warning: Missing argument 2 for a(), called in C:\xampp\htdocs\phplogger\example.php on line 33 and defined in ./phplogger/example.php on line 26
[16-02-2013 22:55:24] Uncaught Exception: this is a test on ./phplogger/example.php in line 35
[16-02-2013 22:55:41] Notice: Undefined variable: i_do_not_exits in ./phplogger/example.php on line 31
[16-02-2013 22:55:41] Warning: Missing argument 1 for a(), called in C:\xampp\htdocs\phplogger\example.php on line 33 and defined in ./phplogger/example.php on line 26
[16-02-2013 22:55:41] Warning: Missing argument 2 for a(), called in C:\xampp\htdocs\phplogger\example.php on line 33 and defined in ./phplogger/example.php on line 26
[16-02-2013 22:55:41] Uncaught Exception: this is a test on ./phplogger/example.php in line 35
[16-02-2013 22:56:47] Notice: Undefined variable: i_do_not_exits in ./phplogger/example.php on line 31
[16-02-2013 22:56:47] Warning: Missing argument 1 for a(), called in C:\xampp\htdocs\phplogger\example.php on line 33 and defined in ./phplogger/example.php on line 26
[16-02-2013 22:56:47] Warning: Missing argument 2 for a(), called in C:\xampp\htdocs\phplogger\example.php on line 33 and defined in ./phplogger/example.php on line 26
[16-02-2013 22:56:47] Uncaught Exception: this is a test on ./phplogger/example.php in line 35
[16-02-2013 22:56:50] Notice: Undefined variable: i_do_not_exits in ./phplogger/example.php on line 31
[16-02-2013 22:56:50] Warning: Missing argument 1 for a(), called in C:\xampp\htdocs\phplogger\example.php on line 33 and defined in ./phplogger/example.php on line 26
[16-02-2013 22:56:50] Warning: Missing argument 2 for a(), called in C:\xampp\htdocs\phplogger\example.php on line 33 and defined in ./phplogger/example.php on line 26
[16-02-2013 22:56:50] Uncaught Exception: this is a test on ./phplogger/example.php in line 35
[16-02-2013 22:57:23] Notice: Undefined variable: i_do_not_exits in ./phplogger/example.php on line 31
[16-02-2013 22:57:23] Warning: Missing argument 1 for a(), called in C:\xampp\htdocs\phplogger\example.php on line 33 and defined in ./phplogger/example.php on line 26
[16-02-2013 22:57:23] Warning: Missing argument 2 for a(), called in C:\xampp\htdocs\phplogger\example.php on line 33 and defined in ./phplogger/example.php on line 26
[16-02-2013 22:57:23] Uncaught Exception: this is a test on ./phplogger/example.php in line 35
[16-02-2013 22:57:25] Notice: Undefined variable: i_do_not_exits in ./phplogger/example.php on line 31
[16-02-2013 22:57:25] Warning: Missing argument 1 for a(), called in C:\xampp\htdocs\phplogger\example.php on line 33 and defined in ./phplogger/example.php on line 26
[16-02-2013 22:57:25] Warning: Missing argument 2 for a(), called in C:\xampp\htdocs\phplogger\example.php on line 33 and defined in ./phplogger/example.php on line 26
[16-02-2013 22:57:25] Uncaught Exception: this is a test on ./phplogger/example.php in line 35
[16-02-2013 22:57:56] Notice: Undefined variable: i_do_not_exits in ./phplogger/example.php on line 31
[16-02-2013 22:57:56] Warning: Missing argument 1 for a(), called in C:\xampp\htdocs\phplogger\example.php on line 33 and defined in ./phplogger/example.php on line 26
[16-02-2013 22:57:56] Warning: Missing argument 2 for a(), called in C:\xampp\htdocs\phplogger\example.php on line 33 and defined in ./phplogger/example.php on line 26
[16-02-2013 22:57:56] Uncaught Exception: this is a test on ./phplogger/example.php in line 35
[16-02-2013 22:58:05] Notice: Undefined variable: i_do_not_exits in ./phplogger/example.php on line 31
[16-02-2013 22:58:05] Warning: Missing argument 1 for a(), called in C:\xampp\htdocs\phplogger\example.php on line 33 and defined in ./phplogger/example.php on line 26
[16-02-2013 22:58:05] Warning: Missing argument 2 for a(), called in C:\xampp\htdocs\phplogger\example.php on line 33 and defined in ./phplogger/example.php on line 26
[16-02-2013 22:58:05] Uncaught Exception: this is a test on ./phplogger/example.php in line 35
[16-02-2013 22:58:07] Notice: Undefined variable: i_do_not_exits in ./phplogger/example.php on line 31
[16-02-2013 22:58:07] Warning: Missing argument 1 for a(), called in C:\xampp\htdocs\phplogger\example.php on line 33 and defined in ./phplogger/example.php on line 26
[16-02-2013 22:58:07] Warning: Missing argument 2 for a(), called in C:\xampp\htdocs\phplogger\example.php on line 33 and defined in ./phplogger/example.php on line 26
[16-02-2013 22:58:07] Uncaught Exception: this is a test on ./phplogger/example.php in line 35
[16-02-2013 22:58:27] Notice: Undefined variable: i_do_not_exits in ./phplogger/example.php on line 31
[16-02-2013 22:58:27] Warning: Missing argument 1 for a(), called in C:\xampp\htdocs\phplogger\example.php on line 33 and defined in ./phplogger/example.php on line 26
[16-02-2013 22:58:27] Warning: Missing argument 2 for a(), called in C:\xampp\htdocs\phplogger\example.php on line 33 and defined in ./phplogger/example.php on line 26
[16-02-2013 22:58:27] Uncaught Exception: this is a test on ./phplogger/example.php in line 35
[16-02-2013 22:58:28] Notice: Undefined variable: i_do_not_exits in ./phplogger/example.php on line 31
[16-02-2013 22:58:28] Warning: Missing argument 1 for a(), called in C:\xampp\htdocs\phplogger\example.php on line 33 and defined in ./phplogger/example.php on line 26
[16-02-2013 22:58:28] Warning: Missing argument 2 for a(), called in C:\xampp\htdocs\phplogger\example.php on line 33 and defined in ./phplogger/example.php on line 26
[16-02-2013 22:58:28] Uncaught Exception: this is a test on ./phplogger/example.php in line 35
[16-02-2013 22:58:28] Notice: Undefined variable: i_do_not_exits in ./phplogger/example.php on line 31
[16-02-2013 22:58:28] Warning: Missing argument 1 for a(), called in C:\xampp\htdocs\phplogger\example.php on line 33 and defined in ./phplogger/example.php on line 26
[16-02-2013 22:58:28] Warning: Missing argument 2 for a(), called in C:\xampp\htdocs\phplogger\example.php on line 33 and defined in ./phplogger/example.php on line 26
[16-02-2013 22:58:28] Uncaught Exception: this is a test on ./phplogger/example.php in line 35
[16-02-2013 22:58:29] Notice: Undefined variable: i_do_not_exits in ./phplogger/example.php on line 31
[16-02-2013 22:58:29] Warning: Missing argument 1 for a(), called in C:\xampp\htdocs\phplogger\example.php on line 33 and defined in ./phplogger/example.php on line 26
[16-02-2013 22:58:29] Warning: Missing argument 2 for a(), called in C:\xampp\htdocs\phplogger\example.php on line 33 and defined in ./phplogger/example.php on line 26
[16-02-2013 22:58:29] Uncaught Exception: this is a test on ./phplogger/example.php in line 35
[16-02-2013 22:59:57] Notice: Undefined variable: i_do_not_exits in ./phplogger/example.php on line 31
[16-02-2013 22:59:57] Warning: Missing argument 1 for a(), called in C:\xampp\htdocs\phplogger\example.php on line 33 and defined in ./phplogger/example.php on line 26
[16-02-2013 22:59:57] Warning: Missing argument 2 for a(), called in C:\xampp\htdocs\phplogger\example.php on line 33 and defined in ./phplogger/example.php on line 26
[16-02-2013 22:59:57] Uncaught Exception: this is a test on ./phplogger/example.php in line 35
[16-02-2013 23:01:14] Notice: Undefined variable: i_do_not_exits in .\phplogger\example.php on line 31
[16-02-2013 23:01:14] Warning: Missing argument 1 for a(), called in C:\xampp\htdocs\phplogger\example.php on line 33 and defined in .\phplogger\example.php on line 26
[16-02-2013 23:01:14] Warning: Missing argument 2 for a(), called in C:\xampp\htdocs\phplogger\example.php on line 33 and defined in .\phplogger\example.php on line 26
[16-02-2013 23:01:14] Notice: Undefined index: DirSeparator in .\phplogger\ErrorHandler\ErrorHandler.php on line 463
[16-02-2013 23:01:14] Notice: Undefined index: DirSeparator in .\phplogger\ErrorHandler\ErrorHandler.php on line 463
[16-02-2013 23:01:14] Notice: Undefined index: DirSeparator in .\phplogger\ErrorHandler\ErrorHandler.php on line 463
[16-02-2013 23:01:14] Uncaught Exception: this is a test on .\phplogger\example.php in line 35
[16-02-2013 23:01:14] Notice: Undefined index: DirSeparator in .\phplogger\ErrorHandler\ErrorHandler.php on line 463
[16-02-2013 23:01:58] Notice: Undefined variable: i_do_not_exits in .\phplogger\example.php on line 31
[16-02-2013 23:01:58] Warning: Missing argument 1 for a(), called in C:\xampp\htdocs\phplogger\example.php on line 33 and defined in .\phplogger\example.php on line 26
[16-02-2013 23:01:58] Warning: Missing argument 2 for a(), called in C:\xampp\htdocs\phplogger\example.php on line 33 and defined in .\phplogger\example.php on line 26
[16-02-2013 23:01:58] Uncaught Exception: this is a test on .\phplogger\example.php in line 35
[16-02-2013 23:04:11] Notice: .Undefined variable: i_do_not_exits in .\phplogger\example.php on line 31
[16-02-2013 23:04:11] Warning: .Missing argument 1 for a(), called in \phplogger\example.php on line 33 and defined in .\phplogger\example.php on line 26
[16-02-2013 23:04:11] Warning: .Missing argument 2 for a(), called in \phplogger\example.php on line 33 and defined in .\phplogger\example.php on line 26
[16-02-2013 23:04:11] Uncaught Exception: .this is a test on .\phplogger\example.php in line 35
[16-02-2013 23:04:49] Notice: Undefined variable: i_do_not_exits in .\phplogger\example.php on line 31
[16-02-2013 23:04:49] Warning: Missing argument 1 for a(), called in .\phplogger\example.php on line 33 and defined in .\phplogger\example.php on line 26
[16-02-2013 23:04:49] Warning: Missing argument 2 for a(), called in .\phplogger\example.php on line 33 and defined in .\phplogger\example.php on line 26
[16-02-2013 23:04:49] Uncaught Exception: .this is a test on .\phplogger\example.php in line 35
[16-02-2013 23:05:40] Notice: Undefined variable: i_do_not_exits in .\phplogger\example.php on line 31
[16-02-2013 23:05:40] Warning: Missing argument 1 for a(), called in .\phplogger\example.php on line 33 and defined in .\phplogger\example.php on line 26
[16-02-2013 23:05:40] Warning: Missing argument 2 for a(), called in .\phplogger\example.php on line 33 and defined in .\phplogger\example.php on line 26
[16-02-2013 23:05:40] Uncaught Exception: .this is a test on .\phplogger\example.php in line 35
[16-02-2013 23:06:32] Notice: Undefined variable: i_do_not_exits in phplogger\example.php on line 31
[16-02-2013 23:06:32] Warning: Missing argument 1 for a(), called in phplogger\example.php on line 33 and defined in phplogger\example.php on line 26
[16-02-2013 23:06:32] Warning: Missing argument 2 for a(), called in phplogger\example.php on line 33 and defined in phplogger\example.php on line 26
[16-02-2013 23:06:32] Uncaught Exception: this is a test on phplogger\example.php in line 35
[16-02-2013 23:20:25] Notice: Undefined variable: i_do_not_exits in phplogger\example.php on line 39
[16-02-2013 23:20:25] Warning: Missing argument 1 for a(), called in phplogger\example.php on line 41 and defined in phplogger\example.php on line 34
[16-02-2013 23:20:25] Warning: Missing argument 2 for a(), called in phplogger\example.php on line 41 and defined in phplogger\example.php on line 34
[16-02-2013 23:20:25] Uncaught Exception: this is a test on phplogger\example.php in line 43
[16-02-2013 23:39:04] Notice: Undefined variable: i_do_not_exits in phplogger\example.php on line 48
[16-02-2013 23:39:04] Warning: Missing argument 1 for a(), called in phplogger\example.php on line 50 and defined in phplogger\example.php on line 43
[16-02-2013 23:39:04] Warning: Missing argument 2 for a(), called in phplogger\example.php on line 50 and defined in phplogger\example.php on line 43
[16-02-2013 23:39:04] Uncaught Exception: this is a test on phplogger\example.php in line 52
